<?xml version="1.0" encoding="UTF-8" ?>
<testsuite tests="23" failures="0" name="br.ifpe.rest.teste.TabuleiroTeste" time="0.084" errors="0" skipped="0">
  <properties>
[...]
</properties>
  <testcase classname="br.ifpe.rest.teste.TabuleiroTeste" name="verificarVencedorOLinha1" time="0.002"/>
  <testcase classname="br.ifpe.rest.teste.TabuleiroTeste" name="verificarVencedorOLinha2" time="0"/>
  <testcase classname="br.ifpe.rest.teste.TabuleiroTeste" name="verificarVencedorOLinha3" time="0"/>
  <testcase classname="br.ifpe.rest.teste.TabuleiroTeste" name="verificarJogadaInvalidaComLetras" time="0"/>
  <testcase classname="br.ifpe.rest.teste.TabuleiroTeste" name="verificarVencedorXColuna1" time="0"/>
  <testcase classname="br.ifpe.rest.teste.TabuleiroTeste" name="verificarVencedorXColuna2" time="0"/>
  <testcase classname="br.ifpe.rest.teste.TabuleiroTeste" name="verificarVencedorXColuna3" time="0"/>
  <testcase classname="br.ifpe.rest.teste.TabuleiroTeste" name="fazerJogada" time="0"/>
  <testcase classname="br.ifpe.rest.teste.TabuleiroTeste" name="verificarVencedorOColuna1" time="0"/>
  <testcase classname="br.ifpe.rest.teste.TabuleiroTeste" name="verificarVencedorOColuna2" time="0"/>
  <testcase classname="br.ifpe.rest.teste.TabuleiroTeste" name="verificarVencedorOColuna3" time="0"/>
  <testcase classname="br.ifpe.rest.teste.TabuleiroTeste" name="verificarVencedorODiagonalSecundaria" time="0"/>
  <testcase classname="br.ifpe.rest.teste.TabuleiroTeste" name="verificarJogadaValida" time="0"/>
  <testcase classname="br.ifpe.rest.teste.TabuleiroTeste" name="verificarVencedorVelha" time="0"/>
  <testcase classname="br.ifpe.rest.teste.TabuleiroTeste" name="resetarTabuleiro" time="0"/>
  <testcase classname="br.ifpe.rest.teste.TabuleiroTeste" name="verificarVencedorXDiagonalPrincipal" time="0.002"/>
  <testcase classname="br.ifpe.rest.teste.TabuleiroTeste" name="verificarVencedorXDiagonalSecundaria" time="0"/>
  <testcase classname="br.ifpe.rest.teste.TabuleiroTeste" name="mostrarTabuleiro" time="0"/>
  <testcase classname="br.ifpe.rest.teste.TabuleiroTeste" name="verificarJogadaInvalidaComNumeros" time="0"/>
  <testcase classname="br.ifpe.rest.teste.TabuleiroTeste" name="verificarVencedorODiagonalPrincipal" time="0"/>
  <testcase classname="br.ifpe.rest.teste.TabuleiroTeste" name="verificarVencedorXLinha1" time="0.001"/>
  <testcase classname="br.ifpe.rest.teste.TabuleiroTeste" name="verificarVencedorXLinha2" time="0"/>
  <testcase classname="br.ifpe.rest.teste.TabuleiroTeste" name="verificarVencedorXLinha3" time="0.001"/>
</testsuite>